2023-12-04 09:34:02.063 [info] Getting Manifest... ms-vscode.cpptools-themes
2023-12-04 09:34:02.064 [info] Getting Manifest... ms-vscode.cmake-tools
2023-12-04 09:34:02.064 [info] Getting Manifest... ms-vscode.cpptools-extension-pack
2023-12-04 09:34:02.064 [info] Getting Manifest... ms-vscode.cpptools
2023-12-04 09:34:02.064 [info] Getting Manifest... twxs.cmake
2023-12-04 09:34:02.735 [info] Installing extension: ms-vscode.cpptools-themes
2023-12-04 09:34:02.735 [info] Installing the extension without checking dependencies and pack ms-vscode.cpptools-themes
2023-12-04 09:34:02.736 [info] Installing extension: twxs.cmake
2023-12-04 09:34:02.736 [info] Installing the extension without checking dependencies and pack twxs.cmake
2023-12-04 09:34:02.736 [info] Installing extension: ms-vscode.cpptools-extension-pack
2023-12-04 09:34:02.736 [info] Installing the extension without checking dependencies and pack ms-vscode.cpptools-extension-pack
2023-12-04 09:34:02.736 [info] Installing extension: ms-vscode.cpptools
2023-12-04 09:34:02.736 [info] Installing the extension without checking dependencies and pack ms-vscode.cpptools
2023-12-04 09:34:02.736 [info] Installing extension: ms-vscode.cmake-tools
2023-12-04 09:34:02.737 [info] Installing the extension without checking dependencies and pack ms-vscode.cmake-tools
2023-12-04 09:34:04.630 [warning] Extension signature verification failed with error 'UnknownError': ms-vscode.cpptools-themes
2023-12-04 09:34:04.669 [info] Extracted extension to file:///home/sam/.vscode/extensions/ms-vscode.cpptools-themes-2.0.0: ms-vscode.cpptools-themes
2023-12-04 09:34:04.672 [info] Renamed to /home/sam/.vscode/extensions/ms-vscode.cpptools-themes-2.0.0
2023-12-04 09:34:04.673 [info] Extracting extension completed. ms-vscode.cpptools-themes
2023-12-04 09:34:04.683 [info] Extension installed successfully: ms-vscode.cpptools-themes
2023-12-04 09:34:04.765 [error] [uncaught exception in sharedProcess]: Error: ENOENT: no such file or directory, stat '/home/sam/.vscode/extensions/extensions.json.vsctmp': EntryNotFound (FileSystemError): Error: ENOENT: no such file or directory, stat '/home/sam/.vscode/extensions/extensions.json.vsctmp'
    at r.create (/opt/visual-studio-code/resources/app/out/vs/code/node/sharedProcess/sharedProcessMain.js:51:30053)
    at a (/opt/visual-studio-code/resources/app/out/vs/code/node/sharedProcess/sharedProcessMain.js:51:30167)
    at s.fb (/opt/visual-studio-code/resources/app/out/vs/code/node/sharedProcess/sharedProcessMain.js:56:36175)
    at s.stat (/opt/visual-studio-code/resources/app/out/vs/code/node/sharedProcess/sharedProcessMain.js:56:28621)
    at async E.stat (/opt/visual-studio-code/resources/app/out/vs/code/node/sharedProcess/sharedProcessMain.js:56:15732)
    at async K.tb (/opt/visual-studio-code/resources/app/out/vs/code/node/sharedProcess/sharedProcessMain.js:109:9535)
2023-12-04 09:34:08.405 [warning] Extension signature verification failed with error 'UnknownError': ms-vscode.cpptools-extension-pack
2023-12-04 09:34:08.415 [info] Extracted extension to file:///home/sam/.vscode/extensions/ms-vscode.cpptools-extension-pack-1.3.0: ms-vscode.cpptools-extension-pack
2023-12-04 09:34:08.418 [info] Renamed to /home/sam/.vscode/extensions/ms-vscode.cpptools-extension-pack-1.3.0
2023-12-04 09:34:08.419 [info] Extracting extension completed. ms-vscode.cpptools-extension-pack
2023-12-04 09:34:08.427 [info] Extension installed successfully: ms-vscode.cpptools-extension-pack
2023-12-04 09:34:08.503 [error] [uncaught exception in sharedProcess]: Error: ENOENT: no such file or directory, stat '/home/sam/.vscode/extensions/extensions.json.vsctmp': EntryNotFound (FileSystemError): Error: ENOENT: no such file or directory, stat '/home/sam/.vscode/extensions/extensions.json.vsctmp'
    at r.create (/opt/visual-studio-code/resources/app/out/vs/code/node/sharedProcess/sharedProcessMain.js:51:30053)
    at a (/opt/visual-studio-code/resources/app/out/vs/code/node/sharedProcess/sharedProcessMain.js:51:30167)
    at s.fb (/opt/visual-studio-code/resources/app/out/vs/code/node/sharedProcess/sharedProcessMain.js:56:36175)
    at s.stat (/opt/visual-studio-code/resources/app/out/vs/code/node/sharedProcess/sharedProcessMain.js:56:28621)
    at async E.stat (/opt/visual-studio-code/resources/app/out/vs/code/node/sharedProcess/sharedProcessMain.js:56:15732)
    at async K.tb (/opt/visual-studio-code/resources/app/out/vs/code/node/sharedProcess/sharedProcessMain.js:109:9535)
2023-12-04 09:34:10.001 [warning] Extension signature verification failed with error 'UnknownError': twxs.cmake
2023-12-04 09:34:10.040 [warning] Extension signature verification failed with error 'UnknownError': ms-vscode.cmake-tools
2023-12-04 09:34:10.223 [info] Extracted extension to file:///home/sam/.vscode/extensions/twxs.cmake-0.0.17: twxs.cmake
2023-12-04 09:34:10.227 [info] Renamed to /home/sam/.vscode/extensions/twxs.cmake-0.0.17
2023-12-04 09:34:10.229 [info] Extracting extension completed. twxs.cmake
2023-12-04 09:34:10.238 [info] Extension installed successfully: twxs.cmake
2023-12-04 09:34:10.274 [info] Extracted extension to file:///home/sam/.vscode/extensions/ms-vscode.cmake-tools-1.16.32: ms-vscode.cmake-tools
2023-12-04 09:34:10.278 [info] Renamed to /home/sam/.vscode/extensions/ms-vscode.cmake-tools-1.16.32
2023-12-04 09:34:10.284 [warning] [cmake-tools]: Couldn't find message for key cmake-tools.configuration.cmake.options.advanced.statusBarVisibility.variant.description.
2023-12-04 09:34:10.287 [info] Extracting extension completed. ms-vscode.cmake-tools
2023-12-04 09:34:10.301 [info] Extension installed successfully: ms-vscode.cmake-tools
2023-12-04 09:34:10.311 [error] [uncaught exception in sharedProcess]: Error: ENOENT: no such file or directory, stat '/home/sam/.vscode/extensions/extensions.json.vsctmp': EntryNotFound (FileSystemError): Error: ENOENT: no such file or directory, stat '/home/sam/.vscode/extensions/extensions.json.vsctmp'
    at r.create (/opt/visual-studio-code/resources/app/out/vs/code/node/sharedProcess/sharedProcessMain.js:51:30053)
    at a (/opt/visual-studio-code/resources/app/out/vs/code/node/sharedProcess/sharedProcessMain.js:51:30167)
    at s.fb (/opt/visual-studio-code/resources/app/out/vs/code/node/sharedProcess/sharedProcessMain.js:56:36175)
    at s.stat (/opt/visual-studio-code/resources/app/out/vs/code/node/sharedProcess/sharedProcessMain.js:56:28621)
    at async E.stat (/opt/visual-studio-code/resources/app/out/vs/code/node/sharedProcess/sharedProcessMain.js:56:15732)
    at async K.tb (/opt/visual-studio-code/resources/app/out/vs/code/node/sharedProcess/sharedProcessMain.js:109:9535)
