2023-12-04 09:33:51.542 [info] Using settings sync service https://vscode-sync.trafficmanager.net/
2023-12-04 09:33:51.542 [info] Auto Sync is enabled.
2023-12-04 09:33:51.542 [info] Auto Sync: Suspended until auth token is available.
2023-12-04 09:33:52.088 [info] Deleting non existing profile from backup /home/sam/.config/Code/User/sync/extensions
2023-12-04 09:33:52.179 [info] Deleting non existing profile from backup /home/sam/.config/Code/User/sync/globalState
2023-12-04 09:33:52.193 [info] Deleting non existing profile from backup /home/sam/.config/Code/User/sync/keybindings
2023-12-04 09:33:52.198 [info] Deleting non existing profile from backup /home/sam/.config/Code/User/sync/profiles
2023-12-04 09:33:52.206 [info] Deleting non existing profile from backup /home/sam/.config/Code/User/sync/settings
2023-12-04 09:33:52.207 [info] Deleting non existing profile from backup /home/sam/.config/Code/User/sync/snippets
2023-12-04 09:33:52.209 [info] Deleting non existing profile from backup /home/sam/.config/Code/User/sync/tasks
2023-12-04 09:33:55.365 [info] Auto Sync: Triggered by Interval
2023-12-04 09:33:55.366 [info] Sync started.
2023-12-04 09:33:58.476 [info] Settings: Last sync resource does not exist locally.
2023-12-04 09:33:58.629 [info] Settings: No changes found during synchronizing settings.
2023-12-04 09:33:58.634 [info] Keybindings: Last sync resource does not exist locally.
2023-12-04 09:33:58.748 [info] Keybindings: No changes found during synchronizing keybindings.
2023-12-04 09:33:58.750 [info] Snippets: Last sync resource does not exist locally.
2023-12-04 09:33:58.880 [info] Snippets: No changes found during synchronizing snippets.
2023-12-04 09:33:58.882 [info] Tasks: Last sync resource does not exist locally.
2023-12-04 09:33:58.988 [info] Tasks: No changes found during synchronizing tasks.
2023-12-04 09:33:58.990 [info] GlobalState: Last sync resource does not exist locally.
2023-12-04 09:33:59.306 [info] GlobalState: Updated global state ["workbench.activity.pinnedViewlets2","workbench.statusbar.hidden","fileBasedRecommendations/promptedRecommendations"]
2023-12-04 09:33:59.307 [info] GlobalState: Updated local ui state
2023-12-04 09:34:00.469 [info] GlobalState: Updated remote ui state. Updated: cpp.1.sessionCount,java.2.sessionCount,javascript.1.sessionCount,typescript.1.sessionCount,csharp.1.sessionCount.
2023-12-04 09:34:00.472 [info] GlobalState: Updated last synchronized ui state
2023-12-04 09:34:00.475 [info] Extensions: Last sync resource does not exist locally.
