2023-11-29 20:04:02.461 [info] Using settings sync service https://vscode-sync.trafficmanager.net/
2023-11-29 20:04:02.461 [info] Auto Sync is disabled.
2023-11-29 20:04:33.565 [info] Sync started.
2023-11-29 20:04:34.233 [info] Did reset the local sync state.
2023-11-29 20:04:34.246 [info] Settings: Migrating last sync user data. Resource does not exist.
2023-11-29 20:04:34.246 [info] Settings: Last sync data state does not exist.
2023-11-29 20:04:34.394 [info] Settings: Migrating last sync user data. Resource does not exist.
2023-11-29 20:04:34.395 [info] Settings: Last sync data state does not exist.
2023-11-29 20:04:34.488 [info] GlobalState: Migrating last sync user data. Resource does not exist.
2023-11-29 20:04:34.489 [info] GlobalState: Last sync data state does not exist.
2023-11-29 20:04:34.579 [info] Keybindings: Migrating last sync user data. Resource does not exist.
2023-11-29 20:04:34.579 [info] Keybindings: Last sync data state does not exist.
2023-11-29 20:04:34.763 [info] Snippets: Migrating last sync user data. Resource does not exist.
2023-11-29 20:04:34.764 [info] Snippets: Last sync data state does not exist.
2023-11-29 20:04:34.882 [info] Tasks: Migrating last sync user data. Resource does not exist.
2023-11-29 20:04:34.882 [info] Tasks: Last sync data state does not exist.
2023-11-29 20:04:34.993 [info] GlobalState: Migrating last sync user data. Resource does not exist.
2023-11-29 20:04:34.993 [info] GlobalState: Last sync data state does not exist.
2023-11-29 20:04:35.249 [info] Extensions: Migrating last sync user data. Resource does not exist.
2023-11-29 20:04:35.249 [info] Extensions: Last sync data state does not exist.
2023-11-29 20:04:35.455 [info] Profiles: Migrating last sync user data. Resource does not exist.
2023-11-29 20:04:35.455 [info] Profiles: Last sync data state does not exist.
2023-11-29 20:04:35.582 [info] Profiles: Migrating last sync user data. Resource does not exist.
2023-11-29 20:04:35.583 [info] Profiles: Last sync data state does not exist.
2023-11-29 20:04:35.609 [info] Settings: Updated local settings
2023-11-29 20:04:35.614 [info] Settings: Updated last synchronized settings
2023-11-29 20:04:35.618 [info] Keybindings: No changes found during synchronizing keybindings.
2023-11-29 20:04:35.624 [info] Keybindings: Updated last synchronized keybindings
2023-11-29 20:04:35.625 [info] Snippets: No changes found during synchronizing snippets.
2023-11-29 20:04:35.629 [info] Snippets: Updated last synchronized snippets
2023-11-29 20:04:35.630 [info] Tasks: No changes found during synchronizing tasks.
2023-11-29 20:04:35.634 [info] Tasks: Updated last synchronized tasks
2023-11-29 20:04:35.647 [info] GlobalState: Updated global state ["workbench.view.extensions.state.hidden","workbench.panel.alignment","nps/lastSessionDate","nps/sessionCount","ces/skipSurvey","cpp.1.lastSessionDate","cpp.1.sessionCount","java.2.lastSessionDate","java.2.sessionCount","javascript.1.lastSessionDate","javascript.1.sessionCount","typescript.1.lastSessionDate","typescript.1.sessionCount","csharp.1.lastSessionDate","csharp.1.sessionCount","snippets.usageTimestamps","terminal.integrated.showTerminalConfigPrompt","javascript.1.editedCount","javascript.1.editedDate","nps/isCandidate","nps/skipVersion","typescript.1.editedCount","typescript.1.editedDate","commandPalette.mru.cache","commandPalette.mru.counter","memento/workbench.editor.keybindings","~remote.forwardedPortsContainer.hidden","workbench.explorer.views.state.hidden","workbench.activity.pinnedViewlets2","memento/gettingStartedService","workbench.statusbar.hidden","colorThemeData","workbench.panel.pinnedPanels"]
2023-11-29 20:04:35.647 [info] GlobalState: Updated local ui state
2023-11-29 20:04:35.659 [info] GlobalState: Updated last synchronized ui state
2023-11-29 20:05:21.628 [info] Extensions: Installed extension. formulahendry.auto-close-tag 0.5.14
2023-11-29 20:05:21.629 [info] Extensions: Installed extension. bracketpaircolordlw.bracket-pair-color-dlw 0.0.6
2023-11-29 20:05:21.629 [info] Extensions: Installed extension. dbaeumer.vscode-eslint 2.4.2
2023-11-29 20:05:21.629 [info] Extensions: Installed extension. glenn2223.live-sass 6.1.2
2023-11-29 20:05:21.629 [info] Extensions: Installed extension. sdras.night-owl 2.0.1
2023-11-29 20:05:21.629 [info] Extensions: Installed extension. yzhang.markdown-all-in-one 3.5.1
2023-11-29 20:05:21.630 [info] Extensions: Installed extension. wesbos.theme-cobalt2 2.4.3
2023-11-29 20:05:21.630 [info] Extensions: Installed extension. visualstudioexptteam.intellicode-api-usage-examples 0.2.8
2023-11-29 20:05:21.630 [info] Extensions: Installed extension. ecmel.vscode-html-css 1.13.1
2023-11-29 20:05:21.630 [info] Extensions: Installed extension. pkief.material-icon-theme 4.32.0
2023-11-29 20:05:21.630 [info] Extensions: Installed extension. pawelborkar.jellyfish 0.0.4
2023-11-29 20:05:21.630 [info] Extensions: Installed extension. dsznajder.es7-react-js-snippets 4.4.3
2023-11-29 20:05:21.630 [info] Extensions: Installed extension. christian-kohler.path-intellisense 2.8.5
2023-11-29 20:05:21.630 [info] Extensions: Installed extension. christian-kohler.npm-intellisense 1.4.5
2023-11-29 20:05:21.631 [info] Extensions: Installed extension. esbenp.prettier-vscode 10.1.0
2023-11-29 20:05:21.631 [info] Extensions: Installed extension. steoates.autoimport 1.5.4
2023-11-29 20:05:21.631 [info] Extensions: Installed extension. ritwickdey.liveserver 5.7.9
2023-11-29 20:05:21.631 [info] Extensions: Installed extension. visualstudioexptteam.vscodeintellicode 1.2.30
2023-11-29 20:05:21.636 [info] Extensions: Updated last synchronized extensions.
2023-11-29 20:05:21.637 [info] Profiles: No changes found during synchronizing profiles.
2023-11-29 20:05:21.645 [info] Profiles: Updated last synchronized profiles.
2023-11-29 20:05:21.647 [info] Sync done. Took 48083ms
2023-11-29 20:05:21.662 [info] Auto Sync: Triggered by Interval
2023-11-29 20:05:21.662 [info] Sync started.
2023-11-29 20:05:21.996 [info] Settings: No changes found during synchronizing settings.
2023-11-29 20:05:22.020 [info] Keybindings: No changes found during synchronizing keybindings.
2023-11-29 20:05:22.028 [info] Snippets: No changes found during synchronizing snippets.
2023-11-29 20:05:22.040 [info] Tasks: No changes found during synchronizing tasks.
2023-11-29 20:05:23.076 [info] GlobalState: Updated remote ui state. Updated: memento/gettingStartedService.
2023-11-29 20:05:23.079 [info] GlobalState: Updated last synchronized ui state
2023-11-29 20:05:23.141 [info] Extensions: No changes found during synchronizing extensions.
2023-11-29 20:05:23.143 [info] Profiles: No changes found during synchronizing profiles.
2023-11-29 20:05:23.146 [info] Sync done. Took 1483ms
2023-11-29 20:05:25.410 [info] Auto Sync: Triggered by Activity
2023-11-29 20:05:25.410 [info] Sync started.
2023-11-29 20:05:25.516 [info] Settings: No changes found during synchronizing settings.
2023-11-29 20:05:25.519 [info] Keybindings: No changes found during synchronizing keybindings.
2023-11-29 20:05:25.523 [info] Snippets: No changes found during synchronizing snippets.
2023-11-29 20:05:25.527 [info] Tasks: No changes found during synchronizing tasks.
2023-11-29 20:05:26.762 [info] GlobalState: Updated remote ui state. Updated: memento/gettingStartedService.
2023-11-29 20:05:26.777 [info] GlobalState: Updated last synchronized ui state
2023-11-29 20:05:26.873 [info] Extensions: No changes found during synchronizing extensions.
2023-11-29 20:05:26.875 [info] Profiles: No changes found during synchronizing profiles.
2023-11-29 20:05:26.876 [info] Sync done. Took 1466ms
2023-11-29 20:06:04.350 [info] Auto Sync: Triggered by Activity
2023-11-29 20:06:04.350 [info] Sync started.
2023-11-29 20:06:04.464 [info] Settings: No changes found during synchronizing settings.
2023-11-29 20:06:04.469 [info] Keybindings: No changes found during synchronizing keybindings.
2023-11-29 20:06:04.474 [info] Snippets: No changes found during synchronizing snippets.
2023-11-29 20:06:04.477 [info] Tasks: No changes found during synchronizing tasks.
2023-11-29 20:06:04.479 [info] GlobalState: No changes found during synchronizing ui state.
2023-11-29 20:06:04.539 [info] Extensions: No changes found during synchronizing extensions.
2023-11-29 20:06:04.541 [info] Profiles: No changes found during synchronizing profiles.
2023-11-29 20:06:04.543 [info] Sync done. Took 195ms
2023-11-29 20:06:29.822 [info] Auto Sync: Triggered by Activity
2023-11-29 20:06:29.822 [info] Sync started.
2023-11-29 20:06:30.056 [info] Settings: No changes found during synchronizing settings.
2023-11-29 20:06:30.062 [info] Keybindings: No changes found during synchronizing keybindings.
2023-11-29 20:06:30.066 [info] Snippets: No changes found during synchronizing snippets.
2023-11-29 20:06:30.069 [info] Tasks: No changes found during synchronizing tasks.
2023-11-29 20:06:31.583 [info] GlobalState: Updated remote ui state. Updated: colorThemeData.
2023-11-29 20:06:31.615 [info] GlobalState: Updated last synchronized ui state
2023-11-29 20:06:32.633 [info] Extensions: Updated remote extensions. Added: ["akamud.vscode-theme-onedark"].
2023-11-29 20:06:32.655 [info] Extensions: Updated last synchronized extensions.
2023-11-29 20:06:32.659 [info] Profiles: No changes found during synchronizing profiles.
2023-11-29 20:06:32.661 [info] Sync done. Took 2839ms
2023-11-29 20:06:32.662 [info] Auto Sync: Triggered by Activity
2023-11-29 20:06:32.662 [info] Sync started.
2023-11-29 20:06:33.356 [info] Settings: Updated remote settings
2023-11-29 20:06:33.371 [info] Settings: Updated last synchronized settings
2023-11-29 20:06:33.377 [info] Keybindings: No changes found during synchronizing keybindings.
2023-11-29 20:06:33.383 [info] Snippets: No changes found during synchronizing snippets.
2023-11-29 20:06:33.387 [info] Tasks: No changes found during synchronizing tasks.
2023-11-29 20:06:33.390 [info] GlobalState: No changes found during synchronizing ui state.
2023-11-29 20:06:33.437 [info] Extensions: No changes found during synchronizing extensions.
2023-11-29 20:06:33.441 [info] Profiles: No changes found during synchronizing profiles.
2023-11-29 20:06:33.443 [info] Sync done. Took 781ms
