2023-12-06 22:55:22.946 [info] Extension host with pid 364679 started
2023-12-06 22:55:23.157 [info] ExtensionService#_doActivateExtension vscode.emmet, startup: false, activationEvent: 'onLanguage'
2023-12-06 22:55:23.174 [info] ExtensionService#_doActivateExtension ms-python.python, startup: false, activationEvent: 'onLanguage:python'
2023-12-06 22:55:23.341 [info] ExtensionService#_doActivateExtension VisualStudioExptTeam.intellicode-api-usage-examples, startup: false, activationEvent: 'onLanguage:python'
2023-12-06 22:55:23.519 [info] ExtensionService#_doActivateExtension VisualStudioExptTeam.vscodeintellicode, startup: false, activationEvent: 'onLanguage:python'
2023-12-06 22:55:23.822 [info] ExtensionService#_doActivateExtension ms-python.vscode-pylance, startup: false, activationEvent: 'onLanguage:python'
2023-12-06 22:55:24.405 [info] ExtensionService#_doActivateExtension vscode.git-base, startup: true, activationEvent: '*', root cause: vscode.git
2023-12-06 22:55:24.413 [info] ExtensionService#_doActivateExtension christian-kohler.path-intellisense, startup: true, activationEvent: '*'
2023-12-06 22:55:24.512 [info] ExtensionService#_doActivateExtension ecmel.vscode-html-css, startup: true, activationEvent: '*'
2023-12-06 22:55:24.583 [info] ExtensionService#_doActivateExtension formulahendry.auto-close-tag, startup: true, activationEvent: '*'
2023-12-06 22:55:24.598 [info] ExtensionService#_doActivateExtension vscode.github-authentication, startup: false, activationEvent: 'onAuthenticationRequest:github'
2023-12-06 22:55:24.687 [info] ExtensionService#_doActivateExtension vscode.git, startup: true, activationEvent: '*'
2023-12-06 22:55:24.734 [info] ExtensionService#_doActivateExtension vscode.github, startup: true, activationEvent: '*'
2023-12-06 22:55:25.783 [info] Eager extensions activated
2023-12-06 22:55:25.927 [info] ExtensionService#_doActivateExtension vscode.debug-auto-launch, startup: false, activationEvent: 'onStartupFinished'
2023-12-06 22:55:25.937 [info] ExtensionService#_doActivateExtension vscode.merge-conflict, startup: false, activationEvent: 'onStartupFinished'
2023-12-06 22:55:25.954 [info] ExtensionService#_doActivateExtension dbaeumer.vscode-eslint, startup: false, activationEvent: 'onStartupFinished'
2023-12-06 22:55:25.975 [info] ExtensionService#_doActivateExtension dsznajder.es7-react-js-snippets, startup: false, activationEvent: 'onStartupFinished'
2023-12-06 22:55:26.760 [info] ExtensionService#_doActivateExtension esbenp.prettier-vscode, startup: false, activationEvent: 'onStartupFinished'
2023-12-06 22:55:26.806 [info] ExtensionService#_doActivateExtension PKief.material-icon-theme, startup: false, activationEvent: 'onStartupFinished'
2023-12-06 22:55:26.828 [info] ExtensionService#_doActivateExtension ritwickdey.LiveServer, startup: false, activationEvent: 'onStartupFinished'
2023-12-06 22:55:27.042 [info] ExtensionService#_doActivateExtension vscode.json-language-features, startup: false, activationEvent: 'onLanguage:jsonc'
2023-12-06 22:55:27.076 [info] ExtensionService#_doActivateExtension vscode.typescript-language-features, startup: false, activationEvent: 'onLanguage:jsonc'
2023-12-06 22:55:43.644 [error] TypeError: e.clear is not a function
	at _.cleanUp (/home/sam/.vscode/extensions/ms-python.python-2023.20.0/out/client/extension.js:2:2412859)
	at _.shutdown (/home/sam/.vscode/extensions/ms-python.python-2023.20.0/out/client/extension.js:2:2412035)
	at _.stop (/home/sam/.vscode/extensions/ms-python.python-2023.20.0/out/client/extension.js:2:2411463)
	at _.stop (/home/sam/.vscode/extensions/ms-python.python-2023.20.0/out/client/extension.js:2:2577851)
	at Object.stop (/home/sam/.vscode/extensions/ms-python.python-2023.20.0/out/client/extension.js:2:52694)
	at Object.stop (/home/sam/.vscode/extensions/ms-python.vscode-pylance-2023.11.10/dist/extension.bundle.js:1:167421)
	at _0x245439.<computed>._stopClient (/home/sam/.vscode/extensions/ms-python.vscode-pylance-2023.11.10/dist/extension.bundle.js:1:110729)
	at _0x245439.<computed>._createNewRequest (/home/sam/.vscode/extensions/ms-python.vscode-pylance-2023.11.10/dist/extension.bundle.js:1:109919)
	at process.processTicksAndRejections (node:internal/process/task_queues:95:5)
	at async _0x245439.<computed>._enqueueRequestAndWaitForRun (/home/sam/.vscode/extensions/ms-python.vscode-pylance-2023.11.10/dist/extension.bundle.js:1:109617)
	at async _0x245439.<computed>.restartClient (/home/sam/.vscode/extensions/ms-python.vscode-pylance-2023.11.10/dist/extension.bundle.js:1:109221)
2023-12-06 22:55:54.697 [info] Extension host terminating: renderer closed the MessagePort
2023-12-06 22:55:54.731 [error] TypeError: e.clear is not a function
	at _.cleanUp (/home/sam/.vscode/extensions/ms-python.python-2023.20.0/out/client/extension.js:2:2412859)
	at _.shutdown (/home/sam/.vscode/extensions/ms-python.python-2023.20.0/out/client/extension.js:2:2412035)
	at _.stop (/home/sam/.vscode/extensions/ms-python.python-2023.20.0/out/client/extension.js:2:2411463)
	at _.stop (/home/sam/.vscode/extensions/ms-python.python-2023.20.0/out/client/extension.js:2:2577851)
	at Object.stop (/home/sam/.vscode/extensions/ms-python.python-2023.20.0/out/client/extension.js:2:52694)
	at Object.stop (/home/sam/.vscode/extensions/ms-python.vscode-pylance-2023.11.10/dist/extension.bundle.js:1:167421)
	at _0x245439.<computed>._stopClient (/home/sam/.vscode/extensions/ms-python.vscode-pylance-2023.11.10/dist/extension.bundle.js:1:110729)
	at _0x245439.<computed>._createNewRequest (/home/sam/.vscode/extensions/ms-python.vscode-pylance-2023.11.10/dist/extension.bundle.js:1:109919)
	at process.processTicksAndRejections (node:internal/process/task_queues:95:5)
	at async _0x245439.<computed>._enqueueRequestAndWaitForRun (/home/sam/.vscode/extensions/ms-python.vscode-pylance-2023.11.10/dist/extension.bundle.js:1:109617)
	at async _0x245439.<computed>.restartClient (/home/sam/.vscode/extensions/ms-python.vscode-pylance-2023.11.10/dist/extension.bundle.js:1:109221)
2023-12-06 22:55:54.731 [error] TypeError: e.clear is not a function
	at _.cleanUp (/home/sam/.vscode/extensions/ms-python.python-2023.20.0/out/client/extension.js:2:2412859)
	at _.shutdown (/home/sam/.vscode/extensions/ms-python.python-2023.20.0/out/client/extension.js:2:2412035)
	at _.stop (/home/sam/.vscode/extensions/ms-python.python-2023.20.0/out/client/extension.js:2:2411463)
	at _.stop (/home/sam/.vscode/extensions/ms-python.python-2023.20.0/out/client/extension.js:2:2577851)
	at Object.stop (/home/sam/.vscode/extensions/ms-python.python-2023.20.0/out/client/extension.js:2:52694)
	at Object.stop (/home/sam/.vscode/extensions/ms-python.vscode-pylance-2023.11.10/dist/extension.bundle.js:1:167421)
	at _0x245439.<computed>._stopClient (/home/sam/.vscode/extensions/ms-python.vscode-pylance-2023.11.10/dist/extension.bundle.js:1:110729)
	at _0x245439.<computed>._createNewRequest (/home/sam/.vscode/extensions/ms-python.vscode-pylance-2023.11.10/dist/extension.bundle.js:1:109919)
	at process.processTicksAndRejections (node:internal/process/task_queues:95:5)
	at async _0x245439.<computed>._enqueueRequestAndWaitForRun (/home/sam/.vscode/extensions/ms-python.vscode-pylance-2023.11.10/dist/extension.bundle.js:1:109617)
	at async _0x245439.<computed>.restartClient (/home/sam/.vscode/extensions/ms-python.vscode-pylance-2023.11.10/dist/extension.bundle.js:1:109221)
2023-12-06 22:55:54.736 [info] Extension host with pid 364679 exiting with code 0
2023-12-06 22:55:55.983 [info] Extension host with pid 366042 started
2023-12-06 22:55:55.983 [info] Skipping acquiring lock for /home/sam/.config/Code/User/workspaceStorage/99901ede036d2976dfbcadbc8ead6c45.
2023-12-06 22:55:56.086 [info] ExtensionService#_doActivateExtension vscode.git-base, startup: true, activationEvent: '*'
2023-12-06 22:55:56.097 [info] ExtensionService#_doActivateExtension christian-kohler.path-intellisense, startup: true, activationEvent: '*'
2023-12-06 22:55:56.176 [info] ExtensionService#_doActivateExtension formulahendry.auto-close-tag, startup: true, activationEvent: '*'
2023-12-06 22:55:56.186 [info] ExtensionService#_doActivateExtension vscode.github, startup: true, activationEvent: '*'
2023-12-06 22:55:56.253 [info] Eager extensions activated
2023-12-06 22:55:56.285 [info] ExtensionService#_doActivateExtension vscode.debug-auto-launch, startup: false, activationEvent: 'onStartupFinished'
2023-12-06 22:55:56.294 [info] ExtensionService#_doActivateExtension vscode.merge-conflict, startup: false, activationEvent: 'onStartupFinished'
2023-12-06 22:55:56.312 [info] ExtensionService#_doActivateExtension dsznajder.es7-react-js-snippets, startup: false, activationEvent: 'onStartupFinished'
2023-12-06 22:55:56.666 [info] ExtensionService#_doActivateExtension esbenp.prettier-vscode, startup: false, activationEvent: 'onStartupFinished'
2023-12-06 22:55:56.716 [info] ExtensionService#_doActivateExtension PKief.material-icon-theme, startup: false, activationEvent: 'onStartupFinished'
2023-12-06 22:55:56.832 [info] ExtensionService#_doActivateExtension vscode.github-authentication, startup: false, activationEvent: 'onAuthenticationRequest:github'
2023-12-06 22:55:59.006 [info] ExtensionService#_doActivateExtension vscode.git, startup: false, activationEvent: 'api', root cause: vscode.github
2023-12-06 22:55:59.107 [info] ExtensionService#_doActivateExtension dbaeumer.vscode-eslint, startup: false, activationEvent: 'onStartupFinished'
2023-12-06 22:55:59.125 [info] ExtensionService#_doActivateExtension ecmel.vscode-html-css, startup: false, activationEvent: '*'
2023-12-06 22:55:59.143 [info] ExtensionService#_doActivateExtension ritwickdey.LiveServer, startup: false, activationEvent: 'onStartupFinished'
2023-12-06 22:56:02.596 [info] ExtensionService#_doActivateExtension ms-python.python, startup: false, activationEvent: 'onLanguage:python'
2023-12-06 22:56:02.728 [info] ExtensionService#_doActivateExtension VisualStudioExptTeam.intellicode-api-usage-examples, startup: false, activationEvent: 'onLanguage:python'
2023-12-06 22:56:02.795 [info] ExtensionService#_doActivateExtension VisualStudioExptTeam.vscodeintellicode, startup: false, activationEvent: 'onLanguage:python'
2023-12-06 22:56:02.870 [info] ExtensionService#_doActivateExtension vscode.emmet, startup: false, activationEvent: 'onLanguage'
2023-12-06 22:56:03.089 [info] ExtensionService#_doActivateExtension ms-python.vscode-pylance, startup: false, activationEvent: 'onLanguage:python'
2023-12-06 23:32:13.508 [info] Extension host terminating: renderer closed the MessagePort
2023-12-06 23:32:13.542 [error] TypeError: e.clear is not a function
	at _.cleanUp (/home/sam/.vscode/extensions/ms-python.python-2023.20.0/out/client/extension.js:2:2412859)
	at _.shutdown (/home/sam/.vscode/extensions/ms-python.python-2023.20.0/out/client/extension.js:2:2412035)
	at _.stop (/home/sam/.vscode/extensions/ms-python.python-2023.20.0/out/client/extension.js:2:2411463)
	at _.stop (/home/sam/.vscode/extensions/ms-python.python-2023.20.0/out/client/extension.js:2:2577851)
	at Object.stop (/home/sam/.vscode/extensions/ms-python.python-2023.20.0/out/client/extension.js:2:52694)
	at Object.stop (/home/sam/.vscode/extensions/ms-python.vscode-pylance-2023.11.10/dist/extension.bundle.js:1:167421)
	at _0x245439.<computed>._stopClient (/home/sam/.vscode/extensions/ms-python.vscode-pylance-2023.11.10/dist/extension.bundle.js:1:110729)
	at _0x245439.<computed>._createNewRequest (/home/sam/.vscode/extensions/ms-python.vscode-pylance-2023.11.10/dist/extension.bundle.js:1:110308)
2023-12-06 23:32:13.542 [error] TypeError: e.clear is not a function
	at _.cleanUp (/home/sam/.vscode/extensions/ms-python.python-2023.20.0/out/client/extension.js:2:2412859)
	at _.shutdown (/home/sam/.vscode/extensions/ms-python.python-2023.20.0/out/client/extension.js:2:2412035)
	at _.stop (/home/sam/.vscode/extensions/ms-python.python-2023.20.0/out/client/extension.js:2:2411463)
	at _.stop (/home/sam/.vscode/extensions/ms-python.python-2023.20.0/out/client/extension.js:2:2577851)
	at Object.stop (/home/sam/.vscode/extensions/ms-python.python-2023.20.0/out/client/extension.js:2:52694)
	at Object.stop (/home/sam/.vscode/extensions/ms-python.vscode-pylance-2023.11.10/dist/extension.bundle.js:1:167421)
	at _0x245439.<computed>._stopClient (/home/sam/.vscode/extensions/ms-python.vscode-pylance-2023.11.10/dist/extension.bundle.js:1:110729)
	at _0x245439.<computed>._createNewRequest (/home/sam/.vscode/extensions/ms-python.vscode-pylance-2023.11.10/dist/extension.bundle.js:1:110308)
2023-12-06 23:32:13.542 [info] Extension host with pid 366042 exiting with code 0
