2023-11-29 20:04:08.208 [info] Reading sessions from keychain...
2023-11-29 20:04:08.208 [info] Getting sessions for all scopes...
2023-11-29 20:04:08.208 [info] Got 0 sessions for ...
2023-11-29 20:04:08.208 [info] Getting sessions for all scopes...
2023-11-29 20:04:08.208 [info] Got 0 sessions for ...
2023-11-29 20:04:08.208 [info] Getting sessions for user:email...
2023-11-29 20:04:08.208 [info] Got 0 sessions for user:email...
2023-11-29 20:04:08.211 [info] Getting sessions for all scopes...
2023-11-29 20:04:08.211 [info] Got 0 sessions for ...
2023-11-29 20:04:09.726 [info] Logging in for the following scopes: user:email
2023-11-29 20:04:09.729 [info] Trying without local server... (user:email)
2023-11-29 20:04:27.058 [info] Exchanging code for token...
2023-11-29 20:04:27.783 [info] Token exchange success!
2023-11-29 20:04:27.785 [info] Getting user info...
2023-11-29 20:04:28.496 [info] Got account info!
2023-11-29 20:04:28.497 [info] Storing 1 sessions...
2023-11-29 20:04:33.508 [info] Reading sessions from keychain...
2023-11-29 20:04:33.508 [info] Stored 1 sessions!
2023-11-29 20:04:33.508 [info] Login success!
2023-11-29 20:04:33.559 [info] Got stored sessions!
2023-11-29 20:04:33.559 [info] Got 1 verified sessions.
2023-11-29 20:04:33.560 [info] Getting sessions for user:email...
2023-11-29 20:04:33.560 [info] Got 1 sessions for user:email...
