2023-12-06 22:55:22.195 [info] Added views:workbench.panel.markers.view in workbench.panel.markers
2023-12-06 22:55:22.195 [info] Added views:workbench.panel.output in workbench.panel.output
2023-12-06 22:55:22.195 [info] Added views:terminal in terminal
2023-12-06 22:55:22.195 [info] Added views:outline in workbench.view.explorer
2023-12-06 22:55:22.195 [info] Added views:workbench.scm in workbench.view.scm
2023-12-06 22:55:22.195 [info] Added views:workbench.view.search in workbench.view.search
2023-12-06 22:55:22.195 [info] Added views:timeline in workbench.view.explorer
2023-12-06 22:55:22.195 [info] Added views:workbench.explorer.emptyView in workbench.view.explorer
2023-12-06 22:55:22.778 [info] Added views:workbench.debug.welcome in workbench.view.debug
2023-12-06 22:55:23.187 [info] Added views:workbench.panel.repl.view in workbench.panel.repl
2023-12-06 22:55:24.115 [info] Added views:workbench.view.testing in workbench.view.extension.test
2023-12-06 22:55:24.137 [info] Added views:~remote.forwardedPorts in ~remote.forwardedPortsContainer
2023-12-06 22:55:54.700 [info] Removed views:workbench.view.testing from workbench.view.extension.test
2023-12-06 22:55:55.184 [info] Added views:workbench.panel.markers.view in workbench.panel.markers
2023-12-06 22:55:55.184 [info] Added views:workbench.panel.output in workbench.panel.output
2023-12-06 22:55:55.184 [info] Added views:terminal in terminal
2023-12-06 22:55:55.184 [info] Added views:outline in workbench.view.explorer
2023-12-06 22:55:55.184 [info] Added views:workbench.scm in workbench.view.scm
2023-12-06 22:55:55.184 [info] Added views:workbench.view.search in workbench.view.search
2023-12-06 22:55:55.184 [info] Added views:timeline in workbench.view.explorer
2023-12-06 22:55:55.184 [info] Added views:workbench.explorer.fileView in workbench.view.explorer
2023-12-06 22:55:56.029 [info] Added views:workbench.debug.variablesView,workbench.debug.watchExpressionsView,workbench.debug.callStackView,workbench.debug.breakPointsView in workbench.view.debug
2023-12-06 22:55:56.078 [info] Added views:workbench.panel.repl.view in workbench.panel.repl
2023-12-06 22:55:56.087 [info] Removed views:workbench.debug.breakPointsView,workbench.debug.callStackView,workbench.debug.watchExpressionsView,workbench.debug.variablesView from workbench.view.debug
2023-12-06 22:55:56.088 [info] Added views:workbench.debug.welcome in workbench.view.debug
2023-12-06 22:55:56.291 [info] Added views:~remote.forwardedPorts in ~remote.forwardedPortsContainer
2023-12-06 22:56:03.060 [info] Added views:workbench.view.testing in workbench.view.extension.test
2023-12-06 23:32:13.512 [info] Removed views:workbench.view.testing from workbench.view.extension.test
